== Sinatra (v1.4.6) has taken the stage on 3001 for development with backup from Thin
log shifting failed. comparison of Fixnum with String failed
== Sinatra (v1.4.6) has taken the stage on 3001 for development with backup from Thin
== Sinatra has ended his set (crowd applauds)
/usr/local/rvm/gems/ruby-2.2.1/gems/eventmachine-1.0.8/lib/eventmachine.rb:534:in `start_tcp_server': no acceptor (port is in use or requires root privileges) (RuntimeError)
	from /usr/local/rvm/gems/ruby-2.2.1/gems/eventmachine-1.0.8/lib/eventmachine.rb:534:in `start_server'
	from /usr/local/rvm/gems/ruby-2.2.1/gems/thin-1.6.3/lib/thin/backends/tcp_server.rb:16:in `connect'
	from /usr/local/rvm/gems/ruby-2.2.1/gems/thin-1.6.3/lib/thin/backends/base.rb:63:in `block in start'
	from /usr/local/rvm/gems/ruby-2.2.1/gems/eventmachine-1.0.8/lib/eventmachine.rb:193:in `call'
	from /usr/local/rvm/gems/ruby-2.2.1/gems/eventmachine-1.0.8/lib/eventmachine.rb:193:in `run_machine'
	from /usr/local/rvm/gems/ruby-2.2.1/gems/eventmachine-1.0.8/lib/eventmachine.rb:193:in `run'
	from /usr/local/rvm/gems/ruby-2.2.1/gems/thin-1.6.3/lib/thin/backends/base.rb:73:in `start'
	from /usr/local/rvm/gems/ruby-2.2.1/gems/thin-1.6.3/lib/thin/server.rb:162:in `start'
	from /usr/local/rvm/gems/ruby-2.2.1/gems/rack-1.6.4/lib/rack/handler/thin.rb:19:in `run'
	from /usr/local/rvm/gems/ruby-2.2.1/gems/sinatra-1.4.6/lib/sinatra/base.rb:1505:in `start_server'
	from /usr/local/rvm/gems/ruby-2.2.1/gems/sinatra-1.4.6/lib/sinatra/base.rb:1443:in `run!'
	from /usr/local/rvm/gems/ruby-2.2.1/gems/sinatra-1.4.6/lib/sinatra/main.rb:25:in `block in <module:Sinatra>'
D, [2015-08-27T03:43:53.791646 #2320] DEBUG -- :   [1m[36mMapping Load (0.3ms)[0m  [1mSELECT `mappings`.* FROM `mappings` WHERE (iswatching=1)[0m
Thin web server (v1.6.3 codename Protein Powder)
Maximum connections set to 1024
Listening on 0.0.0.0:3001, CTRL+C to stop
Stopping ...
log shifting failed. comparison of Fixnum with String failed
== Sinatra (v1.4.6) has taken the stage on 3001 for development with backup from Thin
== Sinatra has ended his set (crowd applauds)
/usr/local/rvm/gems/ruby-2.2.1/gems/eventmachine-1.0.8/lib/eventmachine.rb:534:in `start_tcp_server': no acceptor (port is in use or requires root privileges) (RuntimeError)
	from /usr/local/rvm/gems/ruby-2.2.1/gems/eventmachine-1.0.8/lib/eventmachine.rb:534:in `start_server'
	from /usr/local/rvm/gems/ruby-2.2.1/gems/thin-1.6.3/lib/thin/backends/tcp_server.rb:16:in `connect'
	from /usr/local/rvm/gems/ruby-2.2.1/gems/thin-1.6.3/lib/thin/backends/base.rb:63:in `block in start'
	from /usr/local/rvm/gems/ruby-2.2.1/gems/eventmachine-1.0.8/lib/eventmachine.rb:193:in `call'
	from /usr/local/rvm/gems/ruby-2.2.1/gems/eventmachine-1.0.8/lib/eventmachine.rb:193:in `run_machine'
	from /usr/local/rvm/gems/ruby-2.2.1/gems/eventmachine-1.0.8/lib/eventmachine.rb:193:in `run'
	from /usr/local/rvm/gems/ruby-2.2.1/gems/thin-1.6.3/lib/thin/backends/base.rb:73:in `start'
	from /usr/local/rvm/gems/ruby-2.2.1/gems/thin-1.6.3/lib/thin/server.rb:162:in `start'
	from /usr/local/rvm/gems/ruby-2.2.1/gems/rack-1.6.4/lib/rack/handler/thin.rb:19:in `run'
	from /usr/local/rvm/gems/ruby-2.2.1/gems/sinatra-1.4.6/lib/sinatra/base.rb:1505:in `start_server'
	from /usr/local/rvm/gems/ruby-2.2.1/gems/sinatra-1.4.6/lib/sinatra/base.rb:1443:in `run!'
	from /usr/local/rvm/gems/ruby-2.2.1/gems/sinatra-1.4.6/lib/sinatra/main.rb:25:in `block in <module:Sinatra>'
D, [2015-08-27T03:45:34.171007 #2329] DEBUG -- :   [1m[36mMapping Load (0.1ms)[0m  [1mSELECT `mappings`.* FROM `mappings` WHERE (iswatching=1)[0m
Thin web server (v1.6.3 codename Protein Powder)
Maximum connections set to 1024
Listening on 0.0.0.0:3001, CTRL+C to stop
Stopping ...
log shifting failed. comparison of Fixnum with String failed
== Sinatra (v1.4.6) has taken the stage on 3001 for development with backup from Thin
== Sinatra has ended his set (crowd applauds)
/usr/local/rvm/gems/ruby-2.2.1/gems/eventmachine-1.0.8/lib/eventmachine.rb:534:in `start_tcp_server': no acceptor (port is in use or requires root privileges) (RuntimeError)
	from /usr/local/rvm/gems/ruby-2.2.1/gems/eventmachine-1.0.8/lib/eventmachine.rb:534:in `start_server'
	from /usr/local/rvm/gems/ruby-2.2.1/gems/thin-1.6.3/lib/thin/backends/tcp_server.rb:16:in `connect'
	from /usr/local/rvm/gems/ruby-2.2.1/gems/thin-1.6.3/lib/thin/backends/base.rb:63:in `block in start'
	from /usr/local/rvm/gems/ruby-2.2.1/gems/eventmachine-1.0.8/lib/eventmachine.rb:193:in `call'
	from /usr/local/rvm/gems/ruby-2.2.1/gems/eventmachine-1.0.8/lib/eventmachine.rb:193:in `run_machine'
	from /usr/local/rvm/gems/ruby-2.2.1/gems/eventmachine-1.0.8/lib/eventmachine.rb:193:in `run'
	from /usr/local/rvm/gems/ruby-2.2.1/gems/thin-1.6.3/lib/thin/backends/base.rb:73:in `start'
	from /usr/local/rvm/gems/ruby-2.2.1/gems/thin-1.6.3/lib/thin/server.rb:162:in `start'
	from /usr/local/rvm/gems/ruby-2.2.1/gems/rack-1.6.4/lib/rack/handler/thin.rb:19:in `run'
	from /usr/local/rvm/gems/ruby-2.2.1/gems/sinatra-1.4.6/lib/sinatra/base.rb:1505:in `start_server'
	from /usr/local/rvm/gems/ruby-2.2.1/gems/sinatra-1.4.6/lib/sinatra/base.rb:1443:in `run!'
	from /usr/local/rvm/gems/ruby-2.2.1/gems/sinatra-1.4.6/lib/sinatra/main.rb:25:in `block in <module:Sinatra>'
D, [2015-08-27T03:47:45.653129 #2335] DEBUG -- :   [1m[36mMapping Load (0.3ms)[0m  [1mSELECT `mappings`.* FROM `mappings` WHERE (iswatching=1)[0m
Thin web server (v1.6.3 codename Protein Powder)
Maximum connections set to 1024
Listening on 0.0.0.0:3001, CTRL+C to stop
Stopping ...
log shifting failed. comparison of Fixnum with String failed
== Sinatra (v1.4.6) has taken the stage on 3001 for development with backup from Thin
log shifting failed. comparison of Fixnum with String failed
log shifting failed. comparison of Fixnum with String failed
log shifting failed. comparison of Fixnum with String failed
log shifting failed. comparison of Fixnum with String failed
log shifting failed. comparison of Fixnum with String failed
log shifting failed. comparison of Fixnum with String failed
