/usr/local/rvm/gems/ruby-2.2.1/gems/mysql2-0.3.18/lib/mysql2/client.rb:70:in `connect': Can't connect to MySQL server on '127.0.0.1' (111) (Mysql2::Error)
	from /usr/local/rvm/gems/ruby-2.2.1/gems/mysql2-0.3.18/lib/mysql2/client.rb:70:in `initialize'
	from /usr/local/rvm/gems/ruby-2.2.1/gems/activerecord-4.2.4/lib/active_record/connection_adapters/mysql2_adapter.rb:18:in `new'
	from /usr/local/rvm/gems/ruby-2.2.1/gems/activerecord-4.2.4/lib/active_record/connection_adapters/mysql2_adapter.rb:18:in `mysql2_connection'
	from /usr/local/rvm/gems/ruby-2.2.1/gems/activerecord-4.2.4/lib/active_record/connection_adapters/abstract/connection_pool.rb:438:in `new_connection'
	from /usr/local/rvm/gems/ruby-2.2.1/gems/activerecord-4.2.4/lib/active_record/connection_adapters/abstract/connection_pool.rb:448:in `checkout_new_connection'
	from /usr/local/rvm/gems/ruby-2.2.1/gems/activerecord-4.2.4/lib/active_record/connection_adapters/abstract/connection_pool.rb:422:in `acquire_connection'
	from /usr/local/rvm/gems/ruby-2.2.1/gems/activerecord-4.2.4/lib/active_record/connection_adapters/abstract/connection_pool.rb:349:in `block in checkout'
	from /usr/local/rvm/rubies/ruby-2.2.1/lib/ruby/2.2.0/monitor.rb:211:in `mon_synchronize'
	from /usr/local/rvm/gems/ruby-2.2.1/gems/activerecord-4.2.4/lib/active_record/connection_adapters/abstract/connection_pool.rb:348:in `checkout'
	from /usr/local/rvm/gems/ruby-2.2.1/gems/activerecord-4.2.4/lib/active_record/connection_adapters/abstract/connection_pool.rb:263:in `block in connection'
	from /usr/local/rvm/rubies/ruby-2.2.1/lib/ruby/2.2.0/monitor.rb:211:in `mon_synchronize'
	from /usr/local/rvm/gems/ruby-2.2.1/gems/activerecord-4.2.4/lib/active_record/connection_adapters/abstract/connection_pool.rb:262:in `connection'
	from /usr/local/rvm/gems/ruby-2.2.1/gems/activerecord-4.2.4/lib/active_record/connection_adapters/abstract/connection_pool.rb:571:in `retrieve_connection'
	from /usr/local/rvm/gems/ruby-2.2.1/gems/activerecord-4.2.4/lib/active_record/connection_handling.rb:113:in `retrieve_connection'
	from /usr/local/rvm/gems/ruby-2.2.1/gems/activerecord-4.2.4/lib/active_record/connection_handling.rb:87:in `connection'
	from /usr/local/rvm/gems/ruby-2.2.1/gems/sinatra-activerecord-2.0.6/lib/sinatra/activerecord.rb:45:in `database='
	from /usr/local/rvm/gems/ruby-2.2.1/gems/sinatra-1.4.6/lib/sinatra/base.rb:1216:in `set'
	from /usr/local/rvm/gems/ruby-2.2.1/gems/sinatra-1.4.6/lib/sinatra/base.rb:1989:in `block (2 levels) in delegate'
	from monitor.rb:252:in `<main>'
